<?xml version="1.0" encoding="UTF-8"?>
<!-- Generated by org.testng.reporters.JUnitXMLReporter -->
<testsuite ignored="0" hostname="LAPTOP-BDL305ER" failures="0" tests="3" name="Test" time="11.991" errors="0" timestamp="2023-05-19T16:49:47 IST">
  <testcase classname="TestNGQspider.FlipkartTestNG" name="flipkart" time="4.694"/>
  <testcase classname="TestNGQspider.TestNGAmazon" name="amaz" time="3.161"/>
  <testcase classname="practiceSelenium.FacebookTestNg" name="m2" time="4.095"/>
</testsuite> <!-- Test -->
