<?xml version="1.0" encoding="UTF-8"?>
<testng-results ignored="0" total="1" passed="1" failed="0" skipped="0">
  <reporter-output>
  </reporter-output>
  <suite started-at="2023-05-23T11:59:05 IST" name="Default suite" finished-at="2023-05-23T11:59:12 IST" duration-ms="6764">
    <groups>
    </groups>
    <test started-at="2023-05-23T11:59:05 IST" name="Default test" finished-at="2023-05-23T11:59:12 IST" duration-ms="6764">
      <class name="practiceSelenium.TakeScreenShot">
        <test-method signature="m1()[pri:0, instance:practiceSelenium.TakeScreenShot@28eaa59a]" started-at="2023-05-23T11:59:05 IST" name="m1" finished-at="2023-05-23T11:59:12 IST" duration-ms="6726" status="PASS">
          <reporter-output>
          </reporter-output>
        </test-method> <!-- m1 -->
      </class> <!-- practiceSelenium.TakeScreenShot -->
    </test> <!-- Default test -->
  </suite> <!-- Default suite -->
</testng-results>
